<?xml version="1.0" encoding="UTF-8"?>
<testng-results ignored="0" total="2" passed="2" failed="0" skipped="0">
  <reporter-output>
  </reporter-output>
  <suite started-at="2022-06-28T00:18:01 ART" name="Default suite" finished-at="2022-06-28T00:18:02 ART" duration-ms="808">
    <groups>
    </groups>
    <test started-at="2022-06-28T00:18:01 ART" name="Default test" finished-at="2022-06-28T00:18:02 ART" duration-ms="808">
      <class name="Tests.SauceDemoTest">
        <test-method is-config="true" signature="abrirPagina()[pri:0, instance:Tests.SauceDemoTest@6e20b53a]" started-at="2022-06-28T00:18:00 ART" name="abrirPagina" finished-at="2022-06-28T00:18:01 ART" duration-ms="1755" status="PASS">
          <reporter-output>
          </reporter-output>
        </test-method> <!-- abrirPagina -->
        <test-method signature="iniciarSesion()[pri:0, instance:Tests.SauceDemoTest@6e20b53a]" started-at="2022-06-28T00:18:01 ART" name="iniciarSesion" finished-at="2022-06-28T00:18:02 ART" duration-ms="278" status="PASS">
          <reporter-output>
          </reporter-output>
        </test-method> <!-- iniciarSesion -->
        <test-method signature="realizarCompra()[pri:0, instance:Tests.SauceDemoTest@6e20b53a]" started-at="2022-06-28T00:18:02 ART" name="realizarCompra" finished-at="2022-06-28T00:18:02 ART" duration-ms="505" status="PASS">
          <reporter-output>
          </reporter-output>
        </test-method> <!-- realizarCompra -->
        <test-method is-config="true" signature="cerrarNavegadador()[pri:0, instance:Tests.SauceDemoTest@6e20b53a]" started-at="2022-06-28T00:18:02 ART" name="cerrarNavegadador" finished-at="2022-06-28T00:18:02 ART" duration-ms="46" status="PASS">
          <reporter-output>
          </reporter-output>
        </test-method> <!-- cerrarNavegadador -->
      </class> <!-- Tests.SauceDemoTest -->
    </test> <!-- Default test -->
  </suite> <!-- Default suite -->
</testng-results>
